2026-04-05 13:29:34,519 [INFO] 开始爬取 2026-04-05 的招标数据...
2026-04-05 13:29:34,519 [INFO] 使用 Playwright 模式爬取...
2026-04-05 13:29:34,939 [WARNING] Playwright 爬取失败：BrowserType.launch: Target page, context or browser has been closed
Browser logs:

<launching> /home/admin/.cache/ms-playwright/chromium_headless_shell-1208/chrome-headless-shell-linux64/chrome-headless-shell --disable-field-trial-config --disable-background-networking --disable-background-timer-throttling --disable-backgrounding-occluded-windows --disable-back-forward-cache --disable-breakpad --disable-client-side-phishing-detection --disable-component-extensions-with-background-pages --disable-component-update --no-default-browser-check --disable-default-apps --disable-dev-shm-usage --disable-extensions --disable-features=AvoidUnnecessaryBeforeUnloadCheckSync,BoundaryEventDispatchTracksNodeRemoval,DestroyProfileOnBrowserClose,DialMediaRouteProvider,GlobalMediaControls,HttpsUpgrades,LensOverlay,MediaRouter,PaintHolding,ThirdPartyStoragePartitioning,Translate,AutoDeElevate,RenderDocument,OptimizationHints --enable-features=CDPScreenshotNewSurface --allow-pre-commit-input --disable-hang-monitor --disable-ipc-flooding-protection --disable-popup-blocking --disable-prompt-on-repost --disable-renderer-backgrounding --force-color-profile=srgb --metrics-recording-only --no-first-run --password-store=basic --use-mock-keychain --no-service-autorun --export-tagged-pdf --disable-search-engine-choice-screen --unsafely-disable-devtools-self-xss-warnings --edge-skip-compat-layer-relaunch --enable-automation --disable-infobars --disable-search-engine-choice-screen --disable-sync --enable-unsafe-swiftshader --headless --hide-scrollbars --mute-audio --blink-settings=primaryHoverType=2,availableHoverTypes=2,primaryPointerType=4,availablePointerTypes=4 --no-sandbox --no-sandbox --disable-dev-shm-usage --user-data-dir=/tmp/playwright_chromiumdev_profile-kaZowG --remote-debugging-pipe --no-startup-window
<launched> pid=31877
[pid=31877][err] /home/admin/.cache/ms-playwright/chromium_headless_shell-1208/chrome-headless-shell-linux64/chrome-headless-shell: error while loading shared libraries: libatk-1.0.so.0: cannot open shared object file: No such file or directory
Call log:
  - <launching> /home/admin/.cache/ms-playwright/chromium_headless_shell-1208/chrome-headless-shell-linux64/chrome-headless-shell --disable-field-trial-config --disable-background-networking --disable-background-timer-throttling --disable-backgrounding-occluded-windows --disable-back-forward-cache --disable-breakpad --disable-client-side-phishing-detection --disable-component-extensions-with-background-pages --disable-component-update --no-default-browser-check --disable-default-apps --disable-dev-shm-usage --disable-extensions --disable-features=AvoidUnnecessaryBeforeUnloadCheckSync,BoundaryEventDispatchTracksNodeRemoval,DestroyProfileOnBrowserClose,DialMediaRouteProvider,GlobalMediaControls,HttpsUpgrades,LensOverlay,MediaRouter,PaintHolding,ThirdPartyStoragePartitioning,Translate,AutoDeElevate,RenderDocument,OptimizationHints --enable-features=CDPScreenshotNewSurface --allow-pre-commit-input --disable-hang-monitor --disable-ipc-flooding-protection --disable-popup-blocking --disable-prompt-on-repost --disable-renderer-backgrounding --force-color-profile=srgb --metrics-recording-only --no-first-run --password-store=basic --use-mock-keychain --no-service-autorun --export-tagged-pdf --disable-search-engine-choice-screen --unsafely-disable-devtools-self-xss-warnings --edge-skip-compat-layer-relaunch --enable-automation --disable-infobars --disable-search-engine-choice-screen --disable-sync --enable-unsafe-swiftshader --headless --hide-scrollbars --mute-audio --blink-settings=primaryHoverType=2,availableHoverTypes=2,primaryPointerType=4,availablePointerTypes=4 --no-sandbox --no-sandbox --disable-dev-shm-usage --user-data-dir=/tmp/playwright_chromiumdev_profile-kaZowG --remote-debugging-pipe --no-startup-window
  - <launched> pid=31877
  - [pid=31877][err] /home/admin/.cache/ms-playwright/chromium_headless_shell-1208/chrome-headless-shell-linux64/chrome-headless-shell: error while loading shared libraries: libatk-1.0.so.0: cannot open shared object file: No such file or directory
  - [pid=31877] <gracefully close start>
  - [pid=31877] <kill>
  - [pid=31877] <will force kill>
  - [pid=31877] exception while trying to kill process: Error: kill ESRCH
  - [pid=31877] <process did exit: exitCode=127, signal=null>
  - [pid=31877] starting temporary directories cleanup
  - [pid=31877] finished temporary directories cleanup
  - [pid=31877] <gracefully close end>
，将使用备用方案
2026-04-05 13:29:34,939 [INFO] 使用 requests 模式爬取...
2026-04-05 13:29:34,939 [INFO] 尝试：https://ecp.sgcc.com.cn
2026-04-05 13:29:39,405 [INFO] 获取成功：https://ecp.sgcc.com.cn (3517 bytes)
2026-04-05 13:29:39,411 [INFO] 尝试：https://ecp.sgcc.com.cn/#/bidNotice/index
2026-04-05 13:29:41,311 [INFO] 获取成功：https://ecp.sgcc.com.cn/#/bidNotice/index (3517 bytes)
2026-04-05 13:29:41,314 [INFO] 尝试：https://ecp.sgcc.com.cn/#/notice/index
2026-04-05 13:29:42,926 [INFO] 获取成功：https://ecp.sgcc.com.cn/#/notice/index (3517 bytes)
2026-04-05 13:29:42,930 [WARNING] 未能获取到真实数据，使用示例数据
2026-04-05 13:29:42,930 [WARNING] 未能获取真实数据，生成示例数据...
2026-04-05 13:29:42,931 [INFO] JSON 已保存：/home/admin/.openclaw/workspace-technician/projects/project-radar/data/projects_2026-04-05.json
2026-04-05 13:29:42,932 [INFO] CSV 已保存：/home/admin/.openclaw/workspace-technician/projects/project-radar/data/projects_2026-04-05.csv
